<?xml version="1.0" encoding="UTF-8"?>
<testng-results skipped="0" failed="0" ignored="0" total="15" passed="15">
  <reporter-output>
  </reporter-output>
  <suite name="book-flight-module" duration-ms="23256" started-at="2021-01-21T03:36:26 GMT" finished-at="2021-01-21T03:36:49 GMT">
    <groups>
    </groups>
    <test name="book-flight-1" duration-ms="13000" started-at="2021-01-21T03:36:26 GMT" finished-at="2021-01-21T03:36:39 GMT">
      <class name="com.newtours.tests.BookFlightTest">
        <test-method status="PASS" signature="setupDriver(org.testng.ITestContext)[pri:0, instance:com.newtours.tests.BookFlightTest@735b5592]" name="setupDriver" is-config="true" duration-ms="8417" started-at="2021-01-21T03:36:26 GMT" finished-at="2021-01-21T03:36:34 GMT">
          <params>
            <param index="0">
              <value>
                <![CDATA[org.testng.TestRunner@2c715e84]]>
              </value>
            </param>
          </params>
          <reporter-output>
          </reporter-output>
        </test-method> <!-- setupDriver -->
        <test-method status="PASS" signature="setupParameters(java.lang.String, java.lang.String)[pri:0, instance:com.newtours.tests.BookFlightTest@735b5592]" name="setupParameters" is-config="true" duration-ms="1" started-at="2021-01-21T03:36:34 GMT" depends-on-methods="com.tests.BaseTest.setupDriver" finished-at="2021-01-21T03:36:34 GMT">
          <params>
            <param index="0">
              <value>
                <![CDATA[1]]>
              </value>
            </param>
            <param index="1">
              <value>
                <![CDATA[$584 USD]]>
              </value>
            </param>
          </params>
          <reporter-output>
          </reporter-output>
        </test-method> <!-- setupParameters -->
        <test-method status="PASS" signature="registrationPage()[pri:0, instance:com.newtours.tests.BookFlightTest@735b5592]" name="registrationPage" duration-ms="1816" started-at="2021-01-21T03:36:34 GMT" finished-at="2021-01-21T03:36:36 GMT">
          <reporter-output>
          </reporter-output>
        </test-method> <!-- registrationPage -->
        <test-method status="PASS" signature="registrationConfirmationPage()[pri:0, instance:com.newtours.tests.BookFlightTest@735b5592]" name="registrationConfirmationPage" duration-ms="216" started-at="2021-01-21T03:36:36 GMT" depends-on-methods="com.newtours.tests.BookFlightTest.registrationPage" finished-at="2021-01-21T03:36:36 GMT">
          <reporter-output>
          </reporter-output>
        </test-method> <!-- registrationConfirmationPage -->
        <test-method status="PASS" signature="flightDetailsPage()[pri:0, instance:com.newtours.tests.BookFlightTest@735b5592]" name="flightDetailsPage" duration-ms="1641" started-at="2021-01-21T03:36:36 GMT" depends-on-methods="com.newtours.tests.BookFlightTest.registrationConfirmationPage" finished-at="2021-01-21T03:36:38 GMT">
          <reporter-output>
          </reporter-output>
        </test-method> <!-- flightDetailsPage -->
        <test-method status="PASS" signature="findFlightPage()[pri:0, instance:com.newtours.tests.BookFlightTest@735b5592]" name="findFlightPage" duration-ms="416" started-at="2021-01-21T03:36:38 GMT" depends-on-methods="com.newtours.tests.BookFlightTest.flightDetailsPage" finished-at="2021-01-21T03:36:38 GMT">
          <reporter-output>
          </reporter-output>
        </test-method> <!-- findFlightPage -->
        <test-method status="PASS" signature="flightConfirmationPage()[pri:0, instance:com.newtours.tests.BookFlightTest@735b5592]" name="flightConfirmationPage" duration-ms="347" started-at="2021-01-21T03:36:38 GMT" depends-on-methods="com.newtours.tests.BookFlightTest.findFlightPage" finished-at="2021-01-21T03:36:38 GMT">
          <reporter-output>
          </reporter-output>
        </test-method> <!-- flightConfirmationPage -->
        <test-method status="PASS" signature="quitDriver()[pri:0, instance:com.newtours.tests.BookFlightTest@735b5592]" name="quitDriver" is-config="true" duration-ms="117" started-at="2021-01-21T03:36:38 GMT" finished-at="2021-01-21T03:36:39 GMT">
          <reporter-output>
          </reporter-output>
        </test-method> <!-- quitDriver -->
      </class> <!-- com.newtours.tests.BookFlightTest -->
    </test> <!-- book-flight-1 -->
    <test name="book-flight-2" duration-ms="5528" started-at="2021-01-21T03:36:39 GMT" finished-at="2021-01-21T03:36:44 GMT">
      <class name="com.newtours.tests.BookFlightTest">
        <test-method status="PASS" signature="setupDriver(org.testng.ITestContext)[pri:0, instance:com.newtours.tests.BookFlightTest@d8355a8]" name="setupDriver" is-config="true" duration-ms="1344" started-at="2021-01-21T03:36:39 GMT" finished-at="2021-01-21T03:36:40 GMT">
          <params>
            <param index="0">
              <value>
                <![CDATA[org.testng.TestRunner@47428937]]>
              </value>
            </param>
          </params>
          <reporter-output>
          </reporter-output>
        </test-method> <!-- setupDriver -->
        <test-method status="PASS" signature="setupParameters(java.lang.String, java.lang.String)[pri:0, instance:com.newtours.tests.BookFlightTest@d8355a8]" name="setupParameters" is-config="true" duration-ms="1" started-at="2021-01-21T03:36:40 GMT" depends-on-methods="com.tests.BaseTest.setupDriver" finished-at="2021-01-21T03:36:40 GMT">
          <params>
            <param index="0">
              <value>
                <![CDATA[2]]>
              </value>
            </param>
            <param index="1">
              <value>
                <![CDATA[$1169 USD]]>
              </value>
            </param>
          </params>
          <reporter-output>
          </reporter-output>
        </test-method> <!-- setupParameters -->
        <test-method status="PASS" signature="registrationPage()[pri:0, instance:com.newtours.tests.BookFlightTest@d8355a8]" name="registrationPage" duration-ms="1570" started-at="2021-01-21T03:36:40 GMT" finished-at="2021-01-21T03:36:41 GMT">
          <reporter-output>
          </reporter-output>
        </test-method> <!-- registrationPage -->
        <test-method status="PASS" signature="registrationConfirmationPage()[pri:0, instance:com.newtours.tests.BookFlightTest@d8355a8]" name="registrationConfirmationPage" duration-ms="160" started-at="2021-01-21T03:36:41 GMT" depends-on-methods="com.newtours.tests.BookFlightTest.registrationPage" finished-at="2021-01-21T03:36:42 GMT">
          <reporter-output>
          </reporter-output>
        </test-method> <!-- registrationConfirmationPage -->
        <test-method status="PASS" signature="flightDetailsPage()[pri:0, instance:com.newtours.tests.BookFlightTest@d8355a8]" name="flightDetailsPage" duration-ms="1577" started-at="2021-01-21T03:36:42 GMT" depends-on-methods="com.newtours.tests.BookFlightTest.registrationConfirmationPage" finished-at="2021-01-21T03:36:43 GMT">
          <reporter-output>
          </reporter-output>
        </test-method> <!-- flightDetailsPage -->
        <test-method status="PASS" signature="findFlightPage()[pri:0, instance:com.newtours.tests.BookFlightTest@d8355a8]" name="findFlightPage" duration-ms="401" started-at="2021-01-21T03:36:43 GMT" depends-on-methods="com.newtours.tests.BookFlightTest.flightDetailsPage" finished-at="2021-01-21T03:36:44 GMT">
          <reporter-output>
          </reporter-output>
        </test-method> <!-- findFlightPage -->
        <test-method status="PASS" signature="flightConfirmationPage()[pri:0, instance:com.newtours.tests.BookFlightTest@d8355a8]" name="flightConfirmationPage" duration-ms="381" started-at="2021-01-21T03:36:44 GMT" depends-on-methods="com.newtours.tests.BookFlightTest.findFlightPage" finished-at="2021-01-21T03:36:44 GMT">
          <reporter-output>
          </reporter-output>
        </test-method> <!-- flightConfirmationPage -->
        <test-method status="PASS" signature="quitDriver()[pri:0, instance:com.newtours.tests.BookFlightTest@d8355a8]" name="quitDriver" is-config="true" duration-ms="91" started-at="2021-01-21T03:36:44 GMT" finished-at="2021-01-21T03:36:44 GMT">
          <reporter-output>
          </reporter-output>
        </test-method> <!-- quitDriver -->
      </class> <!-- com.newtours.tests.BookFlightTest -->
    </test> <!-- book-flight-2 -->
    <test name="book-flight-3" duration-ms="4707" started-at="2021-01-21T03:36:44 GMT" finished-at="2021-01-21T03:36:49 GMT">
      <class name="com.newtours.tests.BookFlightTest">
        <test-method status="PASS" signature="setupDriver(org.testng.ITestContext)[pri:0, instance:com.newtours.tests.BookFlightTest@5e5792a0]" name="setupDriver" is-config="true" duration-ms="828" started-at="2021-01-21T03:36:44 GMT" finished-at="2021-01-21T03:36:45 GMT">
          <params>
            <param index="0">
              <value>
                <![CDATA[org.testng.TestRunner@3b9d6699]]>
              </value>
            </param>
          </params>
          <reporter-output>
          </reporter-output>
        </test-method> <!-- setupDriver -->
        <test-method status="PASS" signature="setupParameters(java.lang.String, java.lang.String)[pri:0, instance:com.newtours.tests.BookFlightTest@5e5792a0]" name="setupParameters" is-config="true" duration-ms="0" started-at="2021-01-21T03:36:45 GMT" depends-on-methods="com.tests.BaseTest.setupDriver" finished-at="2021-01-21T03:36:45 GMT">
          <params>
            <param index="0">
              <value>
                <![CDATA[3]]>
              </value>
            </param>
            <param index="1">
              <value>
                <![CDATA[$1753 USD]]>
              </value>
            </param>
          </params>
          <reporter-output>
          </reporter-output>
        </test-method> <!-- setupParameters -->
        <test-method status="PASS" signature="registrationPage()[pri:0, instance:com.newtours.tests.BookFlightTest@5e5792a0]" name="registrationPage" duration-ms="1359" started-at="2021-01-21T03:36:45 GMT" finished-at="2021-01-21T03:36:46 GMT">
          <reporter-output>
          </reporter-output>
        </test-method> <!-- registrationPage -->
        <test-method status="PASS" signature="registrationConfirmationPage()[pri:0, instance:com.newtours.tests.BookFlightTest@5e5792a0]" name="registrationConfirmationPage" duration-ms="194" started-at="2021-01-21T03:36:46 GMT" depends-on-methods="com.newtours.tests.BookFlightTest.registrationPage" finished-at="2021-01-21T03:36:46 GMT">
          <reporter-output>
          </reporter-output>
        </test-method> <!-- registrationConfirmationPage -->
        <test-method status="PASS" signature="flightDetailsPage()[pri:0, instance:com.newtours.tests.BookFlightTest@5e5792a0]" name="flightDetailsPage" duration-ms="1561" started-at="2021-01-21T03:36:46 GMT" depends-on-methods="com.newtours.tests.BookFlightTest.registrationConfirmationPage" finished-at="2021-01-21T03:36:48 GMT">
          <reporter-output>
          </reporter-output>
        </test-method> <!-- flightDetailsPage -->
        <test-method status="PASS" signature="findFlightPage()[pri:0, instance:com.newtours.tests.BookFlightTest@5e5792a0]" name="findFlightPage" duration-ms="379" started-at="2021-01-21T03:36:48 GMT" depends-on-methods="com.newtours.tests.BookFlightTest.flightDetailsPage" finished-at="2021-01-21T03:36:48 GMT">
          <reporter-output>
          </reporter-output>
        </test-method> <!-- findFlightPage -->
        <test-method status="PASS" signature="flightConfirmationPage()[pri:0, instance:com.newtours.tests.BookFlightTest@5e5792a0]" name="flightConfirmationPage" duration-ms="284" started-at="2021-01-21T03:36:48 GMT" depends-on-methods="com.newtours.tests.BookFlightTest.findFlightPage" finished-at="2021-01-21T03:36:49 GMT">
          <reporter-output>
          </reporter-output>
        </test-method> <!-- flightConfirmationPage -->
        <test-method status="PASS" signature="quitDriver()[pri:0, instance:com.newtours.tests.BookFlightTest@5e5792a0]" name="quitDriver" is-config="true" duration-ms="90" started-at="2021-01-21T03:36:49 GMT" finished-at="2021-01-21T03:36:49 GMT">
          <reporter-output>
          </reporter-output>
        </test-method> <!-- quitDriver -->
      </class> <!-- com.newtours.tests.BookFlightTest -->
    </test> <!-- book-flight-3 -->
  </suite> <!-- book-flight-module -->
</testng-results>
