<?xml version="1.0" encoding="UTF-8"?>
<testng-results skipped="0" failed="0" ignored="0" total="2" passed="2">
  <reporter-output>
  </reporter-output>
  <suite name="search-module" duration-ms="7781" started-at="2021-01-21T03:36:25 GMT" finished-at="2021-01-21T03:36:33 GMT">
    <groups>
    </groups>
    <test name="search-test-java" duration-ms="4882" started-at="2021-01-21T03:36:25 GMT" finished-at="2021-01-21T03:36:30 GMT">
      <class name="com.searchmodule.tests.SearchTest">
        <test-method status="PASS" signature="setupDriver(org.testng.ITestContext)[pri:0, instance:com.searchmodule.tests.SearchTest@51081592]" name="setupDriver" is-config="true" duration-ms="2139" started-at="2021-01-21T03:36:25 GMT" finished-at="2021-01-21T03:36:28 GMT">
          <params>
            <param index="0">
              <value>
                <![CDATA[org.testng.TestRunner@79c97cb]]>
              </value>
            </param>
          </params>
          <reporter-output>
          </reporter-output>
        </test-method> <!-- setupDriver -->
        <test-method status="PASS" signature="search(java.lang.String)[pri:0, instance:com.searchmodule.tests.SearchTest@51081592]" name="search" duration-ms="2607" started-at="2021-01-21T03:36:28 GMT" finished-at="2021-01-21T03:36:30 GMT">
          <params>
            <param index="0">
              <value>
                <![CDATA[java]]>
              </value>
            </param>
          </params>
          <reporter-output>
          </reporter-output>
        </test-method> <!-- search -->
        <test-method status="PASS" signature="quitDriver()[pri:0, instance:com.searchmodule.tests.SearchTest@51081592]" name="quitDriver" is-config="true" duration-ms="111" started-at="2021-01-21T03:36:30 GMT" finished-at="2021-01-21T03:36:30 GMT">
          <reporter-output>
          </reporter-output>
        </test-method> <!-- quitDriver -->
      </class> <!-- com.searchmodule.tests.SearchTest -->
    </test> <!-- search-test-java -->
    <test name="search-test-webdriver" duration-ms="2883" started-at="2021-01-21T03:36:30 GMT" finished-at="2021-01-21T03:36:33 GMT">
      <class name="com.searchmodule.tests.SearchTest">
        <test-method status="PASS" signature="setupDriver(org.testng.ITestContext)[pri:0, instance:com.searchmodule.tests.SearchTest@2b98378d]" name="setupDriver" is-config="true" duration-ms="512" started-at="2021-01-21T03:36:30 GMT" finished-at="2021-01-21T03:36:31 GMT">
          <params>
            <param index="0">
              <value>
                <![CDATA[org.testng.TestRunner@2d9caaeb]]>
              </value>
            </param>
          </params>
          <reporter-output>
          </reporter-output>
        </test-method> <!-- setupDriver -->
        <test-method status="PASS" signature="search(java.lang.String)[pri:0, instance:com.searchmodule.tests.SearchTest@2b98378d]" name="search" duration-ms="2262" started-at="2021-01-21T03:36:31 GMT" finished-at="2021-01-21T03:36:33 GMT">
          <params>
            <param index="0">
              <value>
                <![CDATA[webdriver]]>
              </value>
            </param>
          </params>
          <reporter-output>
          </reporter-output>
        </test-method> <!-- search -->
        <test-method status="PASS" signature="quitDriver()[pri:0, instance:com.searchmodule.tests.SearchTest@2b98378d]" name="quitDriver" is-config="true" duration-ms="108" started-at="2021-01-21T03:36:33 GMT" finished-at="2021-01-21T03:36:33 GMT">
          <reporter-output>
          </reporter-output>
        </test-method> <!-- quitDriver -->
      </class> <!-- com.searchmodule.tests.SearchTest -->
    </test> <!-- search-test-webdriver -->
  </suite> <!-- search-module -->
</testng-results>
